0 info it worked if it ends with ok
1 verbose cli [ 'C:\\Program Files\\nodejs\\node.exe',
1 verbose cli   'C:\\Program Files\\nodejs\\node_modules\\npm\\bin\\npm-cli.js',
1 verbose cli   'install',
1 verbose cli   'sleep',
1 verbose cli   '--save' ]
2 info using npm@3.10.10
3 info using node@v6.11.2
4 silly loadCurrentTree Starting
5 silly install loadCurrentTree
6 silly install readLocalPackageData
7 silly fetchPackageMetaData sleep
8 silly fetchNamedPackageData sleep
9 silly mapToRegistry name sleep
10 silly mapToRegistry using default registry
11 silly mapToRegistry registry https://registry.npmjs.org/
12 silly mapToRegistry data Result {
12 silly mapToRegistry   raw: 'sleep',
12 silly mapToRegistry   scope: null,
12 silly mapToRegistry   escapedName: 'sleep',
12 silly mapToRegistry   name: 'sleep',
12 silly mapToRegistry   rawSpec: '',
12 silly mapToRegistry   spec: 'latest',
12 silly mapToRegistry   type: 'tag' }
13 silly mapToRegistry uri https://registry.npmjs.org/sleep
14 verbose request uri https://registry.npmjs.org/sleep
15 verbose request no auth needed
16 info attempt registry request try #1 at 1:22:40 AM
17 verbose request id fc642903646e011e
18 verbose etag W/"59957d5c-570a"
19 verbose lastModified Thu, 17 Aug 2017 11:26:20 GMT
20 http request GET https://registry.npmjs.org/sleep
21 http 304 https://registry.npmjs.org/sleep
22 verbose headers { date: 'Fri, 15 Sep 2017 19:52:45 GMT',
22 verbose headers   via: '1.1 varnish',
22 verbose headers   'cache-control': 'max-age=300',
22 verbose headers   etag: 'W/"59957d5c-570a"',
22 verbose headers   age: '153',
22 verbose headers   connection: 'keep-alive',
22 verbose headers   'x-served-by': 'cache-ams4120-AMS',
22 verbose headers   'x-cache': 'HIT',
22 verbose headers   'x-cache-hits': '1',
22 verbose headers   'x-timer': 'S1505505165.409692,VS0,VE0',
22 verbose headers   vary: 'Accept-Encoding, Accept' }
23 silly get cb [ 304,
23 silly get   { date: 'Fri, 15 Sep 2017 19:52:45 GMT',
23 silly get     via: '1.1 varnish',
23 silly get     'cache-control': 'max-age=300',
23 silly get     etag: 'W/"59957d5c-570a"',
23 silly get     age: '153',
23 silly get     connection: 'keep-alive',
23 silly get     'x-served-by': 'cache-ams4120-AMS',
23 silly get     'x-cache': 'HIT',
23 silly get     'x-cache-hits': '1',
23 silly get     'x-timer': 'S1505505165.409692,VS0,VE0',
23 silly get     vary: 'Accept-Encoding, Accept' } ]
24 verbose etag https://registry.npmjs.org/sleep from cache
25 verbose get saving sleep to C:\Users\Balsania\AppData\Roaming\npm-cache\registry.npmjs.org\sleep\.cache.json
26 verbose correctMkdir C:\Users\Balsania\AppData\Roaming\npm-cache correctMkdir not in flight; initializing
27 silly install normalizeTree
28 silly loadCurrentTree Finishing
29 silly loadIdealTree Starting
30 silly install loadIdealTree
31 silly cloneCurrentTree Starting
32 silly install cloneCurrentTreeToIdealTree
33 silly cloneCurrentTree Finishing
34 silly loadShrinkwrap Starting
35 silly install loadShrinkwrap
36 silly loadShrinkwrap Finishing
37 silly loadAllDepsIntoIdealTree Starting
38 silly install loadAllDepsIntoIdealTree
39 silly resolveWithNewModule sleep@5.1.1 checking installable status
40 silly cache add args [ 'sleep', null ]
41 verbose cache add spec sleep
42 silly cache add parsed spec Result {
42 silly cache add   raw: 'sleep',
42 silly cache add   scope: null,
42 silly cache add   escapedName: 'sleep',
42 silly cache add   name: 'sleep',
42 silly cache add   rawSpec: '',
42 silly cache add   spec: 'latest',
42 silly cache add   type: 'tag' }
43 silly addNamed sleep@latest
44 verbose addNamed "latest" is being treated as a dist-tag for sleep
45 info addNameTag [ 'sleep', 'latest' ]
46 silly mapToRegistry name sleep
47 silly mapToRegistry using default registry
48 silly mapToRegistry registry https://registry.npmjs.org/
49 silly mapToRegistry data Result {
49 silly mapToRegistry   raw: 'sleep',
49 silly mapToRegistry   scope: null,
49 silly mapToRegistry   escapedName: 'sleep',
49 silly mapToRegistry   name: 'sleep',
49 silly mapToRegistry   rawSpec: '',
49 silly mapToRegistry   spec: 'latest',
49 silly mapToRegistry   type: 'tag' }
50 silly mapToRegistry uri https://registry.npmjs.org/sleep
51 verbose addNameTag registry:https://registry.npmjs.org/sleep not in flight; fetching
52 verbose get https://registry.npmjs.org/sleep not expired, no request
53 silly addNameTag next cb for sleep with tag latest
54 silly addNamed sleep@5.1.1
55 verbose addNamed "5.1.1" is a plain semver version for sleep
56 silly cache afterAdd sleep@5.1.1
57 verbose afterAdd C:\Users\Balsania\AppData\Roaming\npm-cache\sleep\5.1.1\package\package.json not in flight; writing
58 verbose correctMkdir C:\Users\Balsania\AppData\Roaming\npm-cache correctMkdir not in flight; initializing
59 verbose afterAdd C:\Users\Balsania\AppData\Roaming\npm-cache\sleep\5.1.1\package\package.json written
60 silly fetchNamedPackageData nan
61 silly mapToRegistry name nan
62 silly mapToRegistry using default registry
63 silly mapToRegistry registry https://registry.npmjs.org/
64 silly mapToRegistry data Result {
64 silly mapToRegistry   raw: 'nan',
64 silly mapToRegistry   scope: null,
64 silly mapToRegistry   escapedName: 'nan',
64 silly mapToRegistry   name: 'nan',
64 silly mapToRegistry   rawSpec: '',
64 silly mapToRegistry   spec: 'latest',
64 silly mapToRegistry   type: 'tag' }
65 silly mapToRegistry uri https://registry.npmjs.org/nan
66 verbose request uri https://registry.npmjs.org/nan
67 verbose request no auth needed
68 info attempt registry request try #1 at 1:22:41 AM
69 verbose etag W/"59a60a0b-20228"
70 verbose lastModified Wed, 30 Aug 2017 00:42:51 GMT
71 http request GET https://registry.npmjs.org/nan
72 http 304 https://registry.npmjs.org/nan
73 verbose headers { date: 'Fri, 15 Sep 2017 19:52:45 GMT',
73 verbose headers   via: '1.1 varnish',
73 verbose headers   'cache-control': 'max-age=300',
73 verbose headers   etag: 'W/"59a60a0b-20228"',
73 verbose headers   age: '8',
73 verbose headers   connection: 'keep-alive',
73 verbose headers   'x-served-by': 'cache-ams4120-AMS',
73 verbose headers   'x-cache': 'HIT',
73 verbose headers   'x-cache-hits': '1',
73 verbose headers   'x-timer': 'S1505505166.691522,VS0,VE1',
73 verbose headers   vary: 'Accept-Encoding, Accept' }
74 silly get cb [ 304,
74 silly get   { date: 'Fri, 15 Sep 2017 19:52:45 GMT',
74 silly get     via: '1.1 varnish',
74 silly get     'cache-control': 'max-age=300',
74 silly get     etag: 'W/"59a60a0b-20228"',
74 silly get     age: '8',
74 silly get     connection: 'keep-alive',
74 silly get     'x-served-by': 'cache-ams4120-AMS',
74 silly get     'x-cache': 'HIT',
74 silly get     'x-cache-hits': '1',
74 silly get     'x-timer': 'S1505505166.691522,VS0,VE1',
74 silly get     vary: 'Accept-Encoding, Accept' } ]
75 verbose etag https://registry.npmjs.org/nan from cache
76 verbose get saving nan to C:\Users\Balsania\AppData\Roaming\npm-cache\registry.npmjs.org\nan\.cache.json
77 verbose correctMkdir C:\Users\Balsania\AppData\Roaming\npm-cache correctMkdir not in flight; initializing
78 silly resolveWithNewModule nan@2.7.0 checking installable status
79 silly cache add args [ 'nan@>=2.5.1', null ]
80 verbose cache add spec nan@>=2.5.1
81 silly cache add parsed spec Result {
81 silly cache add   raw: 'nan@>=2.5.1',
81 silly cache add   scope: null,
81 silly cache add   escapedName: 'nan',
81 silly cache add   name: 'nan',
81 silly cache add   rawSpec: '>=2.5.1',
81 silly cache add   spec: '>=2.5.1',
81 silly cache add   type: 'range' }
82 silly addNamed nan@>=2.5.1
83 verbose addNamed ">=2.5.1" is a valid semver range for nan
84 silly addNameRange { name: 'nan', range: '>=2.5.1', hasData: false }
85 silly mapToRegistry name nan
86 silly mapToRegistry using default registry
87 silly mapToRegistry registry https://registry.npmjs.org/
88 silly mapToRegistry data Result {
88 silly mapToRegistry   raw: 'nan',
88 silly mapToRegistry   scope: null,
88 silly mapToRegistry   escapedName: 'nan',
88 silly mapToRegistry   name: 'nan',
88 silly mapToRegistry   rawSpec: '',
88 silly mapToRegistry   spec: 'latest',
88 silly mapToRegistry   type: 'tag' }
89 silly mapToRegistry uri https://registry.npmjs.org/nan
90 verbose addNameRange registry:https://registry.npmjs.org/nan not in flight; fetching
91 verbose get https://registry.npmjs.org/nan not expired, no request
92 silly addNameRange number 2 { name: 'nan', range: '>=2.5.1', hasData: true }
93 silly addNameRange versions [ 'nan',
93 silly addNameRange   [ '0.3.0-wip',
93 silly addNameRange     '0.3.0-wip2',
93 silly addNameRange     '0.3.0',
93 silly addNameRange     '0.3.1',
93 silly addNameRange     '0.3.2',
93 silly addNameRange     '0.4.0',
93 silly addNameRange     '0.4.1',
93 silly addNameRange     '0.4.2',
93 silly addNameRange     '0.4.3',
93 silly addNameRange     '0.4.4',
93 silly addNameRange     '0.5.0',
93 silly addNameRange     '0.5.1',
93 silly addNameRange     '0.5.2',
93 silly addNameRange     '0.6.0',
93 silly addNameRange     '0.7.0',
93 silly addNameRange     '0.7.1',
93 silly addNameRange     '0.8.0',
93 silly addNameRange     '1.0.0',
93 silly addNameRange     '1.1.0',
93 silly addNameRange     '1.1.1',
93 silly addNameRange     '1.1.2',
93 silly addNameRange     '1.2.0',
93 silly addNameRange     '1.3.0',
93 silly addNameRange     '1.4.0',
93 silly addNameRange     '1.4.1',
93 silly addNameRange     '1.5.0',
93 silly addNameRange     '1.4.2',
93 silly addNameRange     '1.4.3',
93 silly addNameRange     '1.5.1',
93 silly addNameRange     '1.5.2',
93 silly addNameRange     '1.6.0',
93 silly addNameRange     '1.5.3',
93 silly addNameRange     '1.6.1',
93 silly addNameRange     '1.6.2',
93 silly addNameRange     '1.7.0',
93 silly addNameRange     '1.8.0',
93 silly addNameRange     '1.8.1',
93 silly addNameRange     '1.8.2',
93 silly addNameRange     '1.8.3',
93 silly addNameRange     '1.8.4',
93 silly addNameRange     '1.9.0',
93 silly addNameRange     '2.0.0',
93 silly addNameRange     '2.0.1',
93 silly addNameRange     '2.0.2',
93 silly addNameRange     '2.0.3',
93 silly addNameRange     '2.0.4',
93 silly addNameRange     '2.0.5',
93 silly addNameRange     '2.0.6',
93 silly addNameRange     '2.0.7',
93 silly addNameRange     '2.0.8',
93 silly addNameRange     '2.0.9',
93 silly addNameRange     '2.1.0',
93 silly addNameRange     '2.2.0',
93 silly addNameRange     '2.2.1',
93 silly addNameRange     '2.3.0',
93 silly addNameRange     '2.3.1',
93 silly addNameRange     '2.3.2',
93 silly addNameRange     '2.3.3',
93 silly addNameRange     '2.3.4',
93 silly addNameRange     '2.3.5',
93 silly addNameRange     '2.4.0',
93 silly addNameRange     '2.5.0',
93 silly addNameRange     '2.5.1',
93 silly addNameRange     '2.6.0',
93 silly addNameRange     '2.6.1',
93 silly addNameRange     '2.6.2',
93 silly addNameRange     '2.7.0' ] ]
94 silly addNamed nan@2.7.0
95 verbose addNamed "2.7.0" is a plain semver version for nan
96 silly cache afterAdd nan@2.7.0
97 verbose afterAdd C:\Users\Balsania\AppData\Roaming\npm-cache\nan\2.7.0\package\package.json not in flight; writing
98 verbose correctMkdir C:\Users\Balsania\AppData\Roaming\npm-cache correctMkdir not in flight; initializing
99 verbose afterAdd C:\Users\Balsania\AppData\Roaming\npm-cache\nan\2.7.0\package\package.json written
100 silly loadAllDepsIntoIdealTree Finishing
101 silly loadIdealTree Finishing
102 silly currentTree rate@1.0.0
102 silly currentTree +-- double-ended-queue@2.1.0-0
102 silly currentTree +-- redis-commands@1.3.1
102 silly currentTree +-- redis-parser@2.6.0
102 silly currentTree `-- redis@2.8.0
103 silly idealTree rate@1.0.0
103 silly idealTree +-- double-ended-queue@2.1.0-0
103 silly idealTree +-- nan@2.7.0
103 silly idealTree +-- redis-commands@1.3.1
103 silly idealTree +-- redis-parser@2.6.0
103 silly idealTree +-- redis@2.8.0
103 silly idealTree `-- sleep@5.1.1
104 silly generateActionsToTake Starting
105 silly install generateActionsToTake
106 silly generateActionsToTake Finishing
107 silly diffTrees action count 2
108 silly diffTrees add nan@2.7.0
109 silly diffTrees add sleep@5.1.1
110 silly decomposeActions action count 16
111 silly decomposeActions fetch nan@2.7.0
112 silly decomposeActions extract nan@2.7.0
113 silly decomposeActions test nan@2.7.0
114 silly decomposeActions preinstall nan@2.7.0
115 silly decomposeActions build nan@2.7.0
116 silly decomposeActions install nan@2.7.0
117 silly decomposeActions postinstall nan@2.7.0
118 silly decomposeActions finalize nan@2.7.0
119 silly decomposeActions fetch sleep@5.1.1
120 silly decomposeActions extract sleep@5.1.1
121 silly decomposeActions test sleep@5.1.1
122 silly decomposeActions preinstall sleep@5.1.1
123 silly decomposeActions build sleep@5.1.1
124 silly decomposeActions install sleep@5.1.1
125 silly decomposeActions postinstall sleep@5.1.1
126 silly decomposeActions finalize sleep@5.1.1
127 silly runTopLevelLifecycles Starting
128 silly executeActions Starting
129 silly install executeActions
130 silly doSerial global-install 0
131 silly doParallel fetch 2
132 verbose correctMkdir C:\Users\Balsania\AppData\Roaming\npm-cache\_locks correctMkdir not in flight; initializing
133 verbose lock using C:\Users\Balsania\AppData\Roaming\npm-cache\_locks\staging-54d2716ccc6b2e24.lock for E:\NodeJS\MyProject\Rate Feed\node_modules\.staging
134 silly doParallel extract 2
135 silly extract nan@2.7.0
136 silly extract sleep@5.1.1
137 verbose unbuild node_modules\.staging\sleep-3b987df5
138 verbose unbuild node_modules\.staging\nan-1de3e06c
139 silly gentlyRm E:\NodeJS\MyProject\Rate Feed\node_modules\.staging\sleep-3b987df5 is being purged from base E:\NodeJS\MyProject\Rate Feed
140 verbose gentlyRm don't care about contents; nuking E:\NodeJS\MyProject\Rate Feed\node_modules\.staging\sleep-3b987df5
141 silly gentlyRm E:\NodeJS\MyProject\Rate Feed\node_modules\.staging\nan-1de3e06c is being purged from base E:\NodeJS\MyProject\Rate Feed
142 verbose gentlyRm don't care about contents; nuking E:\NodeJS\MyProject\Rate Feed\node_modules\.staging\nan-1de3e06c
143 verbose tar unpack C:\Users\Balsania\AppData\Roaming\npm-cache\sleep\5.1.1\package.tgz
144 verbose tar unpacking to E:\NodeJS\MyProject\Rate Feed\node_modules\.staging\sleep-3b987df5
145 silly gentlyRm E:\NodeJS\MyProject\Rate Feed\node_modules\.staging\sleep-3b987df5 is being purged
146 verbose gentlyRm don't care about contents; nuking E:\NodeJS\MyProject\Rate Feed\node_modules\.staging\sleep-3b987df5
147 verbose tar unpack C:\Users\Balsania\AppData\Roaming\npm-cache\nan\2.7.0\package.tgz
148 verbose tar unpacking to E:\NodeJS\MyProject\Rate Feed\node_modules\.staging\nan-1de3e06c
149 silly gentlyRm E:\NodeJS\MyProject\Rate Feed\node_modules\.staging\nan-1de3e06c is being purged
150 verbose gentlyRm don't care about contents; nuking E:\NodeJS\MyProject\Rate Feed\node_modules\.staging\nan-1de3e06c
151 silly gunzTarPerm modes [ '777', '666' ]
152 silly gunzTarPerm modes [ '777', '666' ]
153 silly gunzTarPerm extractEntry package.json
154 silly gunzTarPerm modified mode [ 'package.json', 436, 438 ]
155 silly gunzTarPerm extractEntry package.json
156 silly gunzTarPerm modified mode [ 'package.json', 436, 438 ]
157 silly gunzTarPerm extractEntry .npmignore
158 silly gunzTarPerm modified mode [ '.npmignore', 436, 438 ]
159 silly gunzTarPerm extractEntry README.md
160 silly gunzTarPerm modified mode [ 'README.md', 436, 438 ]
161 silly gunzTarPerm extractEntry README.md
162 silly gunzTarPerm modified mode [ 'README.md', 436, 438 ]
163 silly gunzTarPerm extractEntry include_dirs.js
164 silly gunzTarPerm modified mode [ 'include_dirs.js', 436, 438 ]
165 silly gunzTarPerm extractEntry test.js
166 silly gunzTarPerm modified mode [ 'test.js', 436, 438 ]
167 silly gunzTarPerm extractEntry index.js
168 silly gunzTarPerm modified mode [ 'index.js', 436, 438 ]
169 silly gunzTarPerm extractEntry nan_converters_43_inl.h
170 silly gunzTarPerm modified mode [ 'nan_converters_43_inl.h', 436, 438 ]
171 silly gunzTarPerm extractEntry LICENSE.md
172 silly gunzTarPerm modified mode [ 'LICENSE.md', 436, 438 ]
173 silly gunzTarPerm extractEntry doc/new.md
174 silly gunzTarPerm modified mode [ 'doc/new.md', 436, 438 ]
175 silly gunzTarPerm extractEntry LICENSE.txt
176 silly gunzTarPerm modified mode [ 'LICENSE.txt', 436, 438 ]
177 silly gunzTarPerm extractEntry sleep.cc
178 silly gunzTarPerm modified mode [ 'sleep.cc', 436, 438 ]
179 silly gunzTarPerm extractEntry binding.gyp
180 silly gunzTarPerm modified mode [ 'binding.gyp', 436, 438 ]
181 silly gunzTarPerm extractEntry doc/asyncworker.md
182 silly gunzTarPerm modified mode [ 'doc/asyncworker.md', 436, 438 ]
183 silly gunzTarPerm extractEntry doc/callback.md
184 silly gunzTarPerm modified mode [ 'doc/callback.md', 436, 438 ]
185 silly gunzTarPerm extractEntry doc/converters.md
186 silly gunzTarPerm modified mode [ 'doc/converters.md', 436, 438 ]
187 silly gunzTarPerm extractEntry doc/errors.md
188 silly gunzTarPerm modified mode [ 'doc/errors.md', 436, 438 ]
189 silly gunzTarPerm extractEntry doc/json.md
190 silly gunzTarPerm modified mode [ 'doc/json.md', 436, 438 ]
191 silly gunzTarPerm extractEntry doc/maybe_types.md
192 silly gunzTarPerm modified mode [ 'doc/maybe_types.md', 436, 438 ]
193 silly gunzTarPerm extractEntry doc/methods.md
194 silly gunzTarPerm modified mode [ 'doc/methods.md', 436, 438 ]
195 silly gunzTarPerm extractEntry doc/buffers.md
196 silly gunzTarPerm modified mode [ 'doc/buffers.md', 436, 438 ]
197 silly gunzTarPerm extractEntry doc/node_misc.md
198 silly gunzTarPerm modified mode [ 'doc/node_misc.md', 436, 438 ]
199 silly gunzTarPerm extractEntry doc/object_wrappers.md
200 silly gunzTarPerm modified mode [ 'doc/object_wrappers.md', 436, 438 ]
201 silly gunzTarPerm extractEntry doc/persistent.md
202 silly gunzTarPerm modified mode [ 'doc/persistent.md', 436, 438 ]
203 silly gunzTarPerm extractEntry doc/scopes.md
204 silly gunzTarPerm modified mode [ 'doc/scopes.md', 436, 438 ]
205 silly gunzTarPerm extractEntry doc/script.md
206 silly gunzTarPerm modified mode [ 'doc/script.md', 436, 438 ]
207 silly gunzTarPerm extractEntry doc/string_bytes.md
208 silly gunzTarPerm modified mode [ 'doc/string_bytes.md', 436, 438 ]
209 silly gunzTarPerm extractEntry doc/v8_internals.md
210 silly gunzTarPerm modified mode [ 'doc/v8_internals.md', 436, 438 ]
211 silly gentlyRm E:\NodeJS\MyProject\Rate Feed\node_modules\.staging\sleep-3b987df5\node_modules is being purged
212 verbose gentlyRm don't care about contents; nuking E:\NodeJS\MyProject\Rate Feed\node_modules\.staging\sleep-3b987df5\node_modules
213 silly gunzTarPerm extractEntry doc/v8_misc.md
214 silly gunzTarPerm modified mode [ 'doc/v8_misc.md', 436, 438 ]
215 silly gunzTarPerm extractEntry nan.h
216 silly gunzTarPerm modified mode [ 'nan.h', 436, 438 ]
217 silly gunzTarPerm extractEntry nan_callbacks.h
218 silly gunzTarPerm modified mode [ 'nan_callbacks.h', 436, 438 ]
219 silly gunzTarPerm extractEntry nan_callbacks_12_inl.h
220 silly gunzTarPerm modified mode [ 'nan_callbacks_12_inl.h', 436, 438 ]
221 silly gunzTarPerm extractEntry nan_callbacks_pre_12_inl.h
222 silly gunzTarPerm modified mode [ 'nan_callbacks_pre_12_inl.h', 436, 438 ]
223 silly gunzTarPerm extractEntry nan_converters.h
224 silly gunzTarPerm modified mode [ 'nan_converters.h', 436, 438 ]
225 silly gunzTarPerm extractEntry nan_converters_pre_43_inl.h
226 silly gunzTarPerm modified mode [ 'nan_converters_pre_43_inl.h', 436, 438 ]
227 silly gunzTarPerm extractEntry nan_implementation_12_inl.h
228 silly gunzTarPerm modified mode [ 'nan_implementation_12_inl.h', 436, 438 ]
229 silly gunzTarPerm extractEntry nan_implementation_pre_12_inl.h
230 silly gunzTarPerm modified mode [ 'nan_implementation_pre_12_inl.h', 436, 438 ]
231 silly gunzTarPerm extractEntry nan_json.h
232 silly gunzTarPerm modified mode [ 'nan_json.h', 436, 438 ]
233 silly gunzTarPerm extractEntry nan_maybe_43_inl.h
234 silly gunzTarPerm modified mode [ 'nan_maybe_43_inl.h', 436, 438 ]
235 silly gunzTarPerm extractEntry nan_maybe_pre_43_inl.h
236 silly gunzTarPerm modified mode [ 'nan_maybe_pre_43_inl.h', 436, 438 ]
237 silly gunzTarPerm extractEntry nan_new.h
238 silly gunzTarPerm modified mode [ 'nan_new.h', 436, 438 ]
239 silly gunzTarPerm extractEntry nan_object_wrap.h
240 silly gunzTarPerm modified mode [ 'nan_object_wrap.h', 436, 438 ]
241 silly gunzTarPerm extractEntry nan_persistent_12_inl.h
242 silly gunzTarPerm modified mode [ 'nan_persistent_12_inl.h', 436, 438 ]
243 silly gunzTarPerm extractEntry nan_persistent_pre_12_inl.h
244 silly gunzTarPerm modified mode [ 'nan_persistent_pre_12_inl.h', 436, 438 ]
245 silly gunzTarPerm extractEntry nan_private.h
246 silly gunzTarPerm modified mode [ 'nan_private.h', 436, 438 ]
247 silly gunzTarPerm extractEntry nan_string_bytes.h
248 silly gunzTarPerm modified mode [ 'nan_string_bytes.h', 436, 438 ]
249 silly gunzTarPerm extractEntry nan_typedarray_contents.h
250 silly gunzTarPerm modified mode [ 'nan_typedarray_contents.h', 436, 438 ]
251 silly gunzTarPerm extractEntry nan_weak.h
252 silly gunzTarPerm modified mode [ 'nan_weak.h', 436, 438 ]
253 silly gunzTarPerm extractEntry CHANGELOG.md
254 silly gunzTarPerm modified mode [ 'CHANGELOG.md', 436, 438 ]
255 silly gunzTarPerm extractEntry tools/package.json
256 silly gunzTarPerm modified mode [ 'tools/package.json', 436, 438 ]
257 silly gunzTarPerm extractEntry tools/README.md
258 silly gunzTarPerm modified mode [ 'tools/README.md', 436, 438 ]
259 silly gunzTarPerm extractEntry tools/1to2.js
260 silly gunzTarPerm modified mode [ 'tools/1to2.js', 509, 511 ]
261 silly gentlyRm E:\NodeJS\MyProject\Rate Feed\node_modules\.staging\nan-1de3e06c\node_modules is being purged
262 verbose gentlyRm don't care about contents; nuking E:\NodeJS\MyProject\Rate Feed\node_modules\.staging\nan-1de3e06c\node_modules
263 silly doParallel preinstall 2
264 silly preinstall nan@2.7.0 E:\NodeJS\MyProject\Rate Feed\node_modules\.staging\nan-1de3e06c
265 info lifecycle nan@2.7.0~preinstall: nan@2.7.0
266 silly preinstall sleep@5.1.1 E:\NodeJS\MyProject\Rate Feed\node_modules\.staging\sleep-3b987df5
267 info lifecycle sleep@5.1.1~preinstall: sleep@5.1.1
268 silly lifecycle nan@2.7.0~preinstall: no script for preinstall, continuing
269 silly lifecycle sleep@5.1.1~preinstall: no script for preinstall, continuing
270 silly doReverseSerial remove 0
271 silly doSerial move 0
272 silly doSerial finalize 2
273 silly finalize E:\NodeJS\MyProject\Rate Feed\node_modules\nan
274 silly finalize E:\NodeJS\MyProject\Rate Feed\node_modules\sleep
275 silly doSerial build 2
276 silly build nan@2.7.0
277 info linkStuff nan@2.7.0
278 silly linkStuff nan@2.7.0 has E:\NodeJS\MyProject\Rate Feed\node_modules as its parent node_modules
279 verbose linkBins nan@2.7.0
280 verbose linkMans nan@2.7.0
281 silly build sleep@5.1.1
282 info linkStuff sleep@5.1.1
283 silly linkStuff sleep@5.1.1 has E:\NodeJS\MyProject\Rate Feed\node_modules as its parent node_modules
284 verbose linkBins sleep@5.1.1
285 verbose linkMans sleep@5.1.1
286 silly doSerial global-link 0
287 silly doParallel update-linked 0
288 silly doSerial install 2
289 silly install nan@2.7.0 E:\NodeJS\MyProject\Rate Feed\node_modules\.staging\nan-1de3e06c
290 info lifecycle nan@2.7.0~install: nan@2.7.0
291 silly lifecycle nan@2.7.0~install: no script for install, continuing
292 silly install sleep@5.1.1 E:\NodeJS\MyProject\Rate Feed\node_modules\.staging\sleep-3b987df5
293 info lifecycle sleep@5.1.1~install: sleep@5.1.1
294 verbose lifecycle sleep@5.1.1~install: unsafe-perm in lifecycle true
295 verbose lifecycle sleep@5.1.1~install: PATH: C:\Program Files\nodejs\node_modules\npm\bin\node-gyp-bin;E:\NodeJS\MyProject\Rate Feed\node_modules\sleep\node_modules\.bin;E:\NodeJS\MyProject\Rate Feed\node_modules\.bin;C:\Program Files (x86)\PC Connectivity Solution\;C:\oraclexe\app\oracle\product\11.2.0\server\bin;;C:\app\Balsania\product\11.2.0\dbhome_1\bin;C:\Program Files\Java\jdk1.7.0_51\bin;c:\Program Files (x86)\Microsoft SQL Server\100\Tools\Binn\;c:\Program Files\Microsoft SQL Server\100\Tools\Binn\;c:\Program Files\Microsoft SQL Server\100\DTS\Binn\;C:\WINDOWS\system32;C:\WINDOWS;C:\WINDOWS\System32\Wbem;C:\WINDOWS\System32\WindowsPowerShell\v1.0\;C:\Program Files (x86)\ATI Technologies\ATI.ACE\Core-Static;C:\Program Files\nodejs\;C:\Users\Balsania\AppData\Local\Microsoft\WindowsApps;C:\Users\Balsania\AppData\Roaming\npm
296 verbose lifecycle sleep@5.1.1~install: CWD: E:\NodeJS\MyProject\Rate Feed\node_modules\sleep
297 silly lifecycle sleep@5.1.1~install: Args: [ '/d /s /c', 'node-gyp rebuild' ]
298 silly lifecycle sleep@5.1.1~install: Returned: code: 1  signal: null
299 info lifecycle sleep@5.1.1~install: Failed to exec install script
300 verbose unlock done using C:\Users\Balsania\AppData\Roaming\npm-cache\_locks\staging-54d2716ccc6b2e24.lock for E:\NodeJS\MyProject\Rate Feed\node_modules\.staging
301 silly rollbackFailedOptional Starting
302 silly rollbackFailedOptional Finishing
303 silly runTopLevelLifecycles Finishing
304 silly install printInstalled
305 warn rate@1.0.0 No description
306 verbose If you need help, you may report this error at:
306 verbose     <https://github.com/npm/npm/issues>
307 warn rate@1.0.0 No repository field.
308 verbose If you need help, you may report this error at:
308 verbose     <https://github.com/npm/npm/issues>
309 verbose stack Error: sleep@5.1.1 install: `node-gyp rebuild`
309 verbose stack Exit status 1
309 verbose stack     at EventEmitter.<anonymous> (C:\Program Files\nodejs\node_modules\npm\lib\utils\lifecycle.js:255:16)
309 verbose stack     at emitTwo (events.js:106:13)
309 verbose stack     at EventEmitter.emit (events.js:191:7)
309 verbose stack     at ChildProcess.<anonymous> (C:\Program Files\nodejs\node_modules\npm\lib\utils\spawn.js:40:14)
309 verbose stack     at emitTwo (events.js:106:13)
309 verbose stack     at ChildProcess.emit (events.js:191:7)
309 verbose stack     at maybeClose (internal/child_process.js:891:16)
309 verbose stack     at Process.ChildProcess._handle.onexit (internal/child_process.js:226:5)
310 verbose pkgid sleep@5.1.1
311 verbose cwd E:\NodeJS\MyProject\Rate Feed
312 error Windows_NT 10.0.14393
313 error argv "C:\\Program Files\\nodejs\\node.exe" "C:\\Program Files\\nodejs\\node_modules\\npm\\bin\\npm-cli.js" "install" "sleep" "--save"
314 error node v6.11.2
315 error npm  v3.10.10
316 error code ELIFECYCLE
317 error sleep@5.1.1 install: `node-gyp rebuild`
317 error Exit status 1
318 error Failed at the sleep@5.1.1 install script 'node-gyp rebuild'.
318 error Make sure you have the latest version of node.js and npm installed.
318 error If you do, this is most likely a problem with the sleep package,
318 error not with npm itself.
318 error Tell the author that this fails on your system:
318 error     node-gyp rebuild
318 error You can get information on how to open an issue for this project with:
318 error     npm bugs sleep
318 error Or if that isn't available, you can get their info via:
318 error     npm owner ls sleep
318 error There is likely additional logging output above.
319 verbose exit [ 1, true ]
